
==========================================================================
floorplan final report_tns
--------------------------------------------------------------------------
tns max 0.00

==========================================================================
floorplan final report_wns
--------------------------------------------------------------------------
wns max 0.00

==========================================================================
floorplan final report_worst_slack
--------------------------------------------------------------------------
worst slack max 8.25

==========================================================================
floorplan final report_clock_min_period
--------------------------------------------------------------------------
wb_clk period_min = 1.75 fmax = 571.41

==========================================================================
floorplan final report_checks -path_delay min
--------------------------------------------------------------------------
Startpoint: debug.debug_reg_1[0]$_DFFE_PP0P_
            (rising edge-triggered flip-flop clocked by wb_clk)
Endpoint: debug.debug_reg_1[0]$_DFFE_PP0P_
          (rising edge-triggered flip-flop clocked by wb_clk)
Path Group: wb_clk
Path Type: min

Fanout     Cap    Slew   Delay    Time   Description
-----------------------------------------------------------------------------
                  0.00    0.00    0.00   clock wb_clk (rise edge)
                          0.00    0.00   clock network delay (ideal)
                  0.00    0.00    0.00 ^ debug.debug_reg_1[0]$_DFFE_PP0P_/CLK (sky130_fd_sc_hd__dfrtp_1)
     2    0.00    0.05    0.30    0.30 ^ debug.debug_reg_1[0]$_DFFE_PP0P_/Q (sky130_fd_sc_hd__dfrtp_1)
                                         _001_ (net)
                  0.05    0.00    0.30 ^ _652_/A1 (sky130_fd_sc_hd__mux2_1)
     1    0.00    0.04    0.11    0.42 ^ _652_/X (sky130_fd_sc_hd__mux2_1)
                                         _253_ (net)
                  0.04    0.00    0.42 ^ debug.debug_reg_1[0]$_DFFE_PP0P_/D (sky130_fd_sc_hd__dfrtp_1)
                                  0.42   data arrival time

                  0.00    0.00    0.00   clock wb_clk (rise edge)
                          0.00    0.00   clock network delay (ideal)
                          0.00    0.00   clock reconvergence pessimism
                                  0.00 ^ debug.debug_reg_1[0]$_DFFE_PP0P_/CLK (sky130_fd_sc_hd__dfrtp_1)
                         -0.04   -0.04   library hold time
                                 -0.04   data required time
-----------------------------------------------------------------------------
                                 -0.04   data required time
                                 -0.42   data arrival time
-----------------------------------------------------------------------------
                                  0.46   slack (MET)



==========================================================================
floorplan final report_checks -path_delay max
--------------------------------------------------------------------------
Startpoint: debug.wbs_ack_o$_DFF_PP0_
            (rising edge-triggered flip-flop clocked by wb_clk)
Endpoint: debug.debug_reg_1[0]$_DFFE_PP0P_
          (rising edge-triggered flip-flop clocked by wb_clk)
Path Group: wb_clk
Path Type: max

Fanout     Cap    Slew   Delay    Time   Description
-----------------------------------------------------------------------------
                  0.00    0.00    0.00   clock wb_clk (rise edge)
                          0.00    0.00   clock network delay (ideal)
                  0.00    0.00    0.00 ^ debug.wbs_ack_o$_DFF_PP0_/CLK (sky130_fd_sc_hd__dfrtp_1)
     2    0.00    0.04    0.34    0.34 v debug.wbs_ack_o$_DFF_PP0_/Q (sky130_fd_sc_hd__dfrtp_1)
                                         debug.wbs_ack_o (net)
                  0.04    0.00    0.34 v _655_/A_N (sky130_fd_sc_hd__nand3b_1)
     3    0.01    0.09    0.18    0.51 v _655_/Y (sky130_fd_sc_hd__nand3b_1)
                                         _255_ (net)
                  0.09    0.00    0.51 v _616_/B (sky130_fd_sc_hd__nor3_1)
     4    0.01    0.33    0.32    0.83 ^ _616_/Y (sky130_fd_sc_hd__nor3_1)
                                         _217_ (net)
                  0.33    0.00    0.83 ^ _620_/D (sky130_fd_sc_hd__nand4_1)
     8    0.03    0.46    0.35    1.18 v _620_/Y (sky130_fd_sc_hd__nand4_1)
                                         _221_ (net)
                  0.46    0.00    1.18 v _652_/S (sky130_fd_sc_hd__mux2_1)
     1    0.00    0.05    0.45    1.62 v _652_/X (sky130_fd_sc_hd__mux2_1)
                                         _253_ (net)
                  0.05    0.00    1.62 v debug.debug_reg_1[0]$_DFFE_PP0P_/D (sky130_fd_sc_hd__dfrtp_1)
                                  1.62   data arrival time

                  0.00   10.00   10.00   clock wb_clk (rise edge)
                          0.00   10.00   clock network delay (ideal)
                          0.00   10.00   clock reconvergence pessimism
                                 10.00 ^ debug.debug_reg_1[0]$_DFFE_PP0P_/CLK (sky130_fd_sc_hd__dfrtp_1)
                         -0.13    9.87   library setup time
                                  9.87   data required time
-----------------------------------------------------------------------------
                                  9.87   data required time
                                 -1.62   data arrival time
-----------------------------------------------------------------------------
                                  8.25   slack (MET)



==========================================================================
floorplan final report_checks -unconstrained
--------------------------------------------------------------------------
Startpoint: debug.wbs_ack_o$_DFF_PP0_
            (rising edge-triggered flip-flop clocked by wb_clk)
Endpoint: debug.debug_reg_1[0]$_DFFE_PP0P_
          (rising edge-triggered flip-flop clocked by wb_clk)
Path Group: wb_clk
Path Type: max

Fanout     Cap    Slew   Delay    Time   Description
-----------------------------------------------------------------------------
                  0.00    0.00    0.00   clock wb_clk (rise edge)
                          0.00    0.00   clock network delay (ideal)
                  0.00    0.00    0.00 ^ debug.wbs_ack_o$_DFF_PP0_/CLK (sky130_fd_sc_hd__dfrtp_1)
     2    0.00    0.04    0.34    0.34 v debug.wbs_ack_o$_DFF_PP0_/Q (sky130_fd_sc_hd__dfrtp_1)
                                         debug.wbs_ack_o (net)
                  0.04    0.00    0.34 v _655_/A_N (sky130_fd_sc_hd__nand3b_1)
     3    0.01    0.09    0.18    0.51 v _655_/Y (sky130_fd_sc_hd__nand3b_1)
                                         _255_ (net)
                  0.09    0.00    0.51 v _616_/B (sky130_fd_sc_hd__nor3_1)
     4    0.01    0.33    0.32    0.83 ^ _616_/Y (sky130_fd_sc_hd__nor3_1)
                                         _217_ (net)
                  0.33    0.00    0.83 ^ _620_/D (sky130_fd_sc_hd__nand4_1)
     8    0.03    0.46    0.35    1.18 v _620_/Y (sky130_fd_sc_hd__nand4_1)
                                         _221_ (net)
                  0.46    0.00    1.18 v _652_/S (sky130_fd_sc_hd__mux2_1)
     1    0.00    0.05    0.45    1.62 v _652_/X (sky130_fd_sc_hd__mux2_1)
                                         _253_ (net)
                  0.05    0.00    1.62 v debug.debug_reg_1[0]$_DFFE_PP0P_/D (sky130_fd_sc_hd__dfrtp_1)
                                  1.62   data arrival time

                  0.00   10.00   10.00   clock wb_clk (rise edge)
                          0.00   10.00   clock network delay (ideal)
                          0.00   10.00   clock reconvergence pessimism
                                 10.00 ^ debug.debug_reg_1[0]$_DFFE_PP0P_/CLK (sky130_fd_sc_hd__dfrtp_1)
                         -0.13    9.87   library setup time
                                  9.87   data required time
-----------------------------------------------------------------------------
                                  9.87   data required time
                                 -1.62   data arrival time
-----------------------------------------------------------------------------
                                  8.25   slack (MET)



==========================================================================
floorplan final report_power
--------------------------------------------------------------------------
Group                  Internal  Switching    Leakage      Total
                          Power      Power      Power      Power (Watts)
----------------------------------------------------------------
Sequential             4.00e-04   1.04e-13   1.36e-09   4.00e-04  97.0%
Combinational          4.85e-06   7.39e-06   1.41e-09   1.22e-05   3.0%
Clock                  0.00e+00   0.00e+00   0.00e+00   0.00e+00   0.0%
Macro                  0.00e+00   0.00e+00   0.00e+00   0.00e+00   0.0%
Pad                    0.00e+00   0.00e+00   0.00e+00   0.00e+00   0.0%
----------------------------------------------------------------
Total                  4.05e-04   7.39e-06   2.76e-09   4.12e-04 100.0%
                          98.2%       1.8%       0.0%
