
==========================================================================
global place report_tns
--------------------------------------------------------------------------
tns max 0.00

==========================================================================
global place report_wns
--------------------------------------------------------------------------
wns max 0.00

==========================================================================
global place report_worst_slack
--------------------------------------------------------------------------
worst slack max 7.66

==========================================================================
global place report_clock_min_period
--------------------------------------------------------------------------
wb_clk period_min = 2.34 fmax = 427.90

==========================================================================
global place report_checks -path_delay min
--------------------------------------------------------------------------
Startpoint: debug.debug_reg_2[28]$_DFFE_PP0P_
            (rising edge-triggered flip-flop clocked by wb_clk)
Endpoint: debug.debug_reg_2[28]$_DFFE_PP0P_
          (rising edge-triggered flip-flop clocked by wb_clk)
Path Group: wb_clk
Path Type: min

Fanout     Cap    Slew   Delay    Time   Description
-----------------------------------------------------------------------------
                  0.00    0.00    0.00   clock wb_clk (rise edge)
                          0.00    0.00   clock network delay (ideal)
                  0.00    0.00    0.00 ^ debug.debug_reg_2[28]$_DFFE_PP0P_/CLK (sky130_fd_sc_hd__dfrtp_1)
     2    0.00    0.06    0.31    0.31 ^ debug.debug_reg_2[28]$_DFFE_PP0P_/Q (sky130_fd_sc_hd__dfrtp_1)
                                         _053_ (net)
                  0.06    0.00    0.31 ^ _593_/A1 (sky130_fd_sc_hd__mux2_1)
     1    0.00    0.04    0.12    0.43 ^ _593_/X (sky130_fd_sc_hd__mux2_1)
                                         _194_ (net)
                  0.04    0.00    0.43 ^ debug.debug_reg_2[28]$_DFFE_PP0P_/D (sky130_fd_sc_hd__dfrtp_1)
                                  0.43   data arrival time

                  0.00    0.00    0.00   clock wb_clk (rise edge)
                          0.00    0.00   clock network delay (ideal)
                          0.00    0.00   clock reconvergence pessimism
                                  0.00 ^ debug.debug_reg_2[28]$_DFFE_PP0P_/CLK (sky130_fd_sc_hd__dfrtp_1)
                         -0.04   -0.04   library hold time
                                 -0.04   data required time
-----------------------------------------------------------------------------
                                 -0.04   data required time
                                 -0.43   data arrival time
-----------------------------------------------------------------------------
                                  0.47   slack (MET)



==========================================================================
global place report_checks -path_delay max
--------------------------------------------------------------------------
Startpoint: debug.wbs_ack_o$_DFF_PP0_
            (rising edge-triggered flip-flop clocked by wb_clk)
Endpoint: debug.debug_reg_1[0]$_DFFE_PP0P_
          (rising edge-triggered flip-flop clocked by wb_clk)
Path Group: wb_clk
Path Type: max

Fanout     Cap    Slew   Delay    Time   Description
-----------------------------------------------------------------------------
                  0.00    0.00    0.00   clock wb_clk (rise edge)
                          0.00    0.00   clock network delay (ideal)
                  0.00    0.00    0.00 ^ debug.wbs_ack_o$_DFF_PP0_/CLK (sky130_fd_sc_hd__dfrtp_1)
     2    0.00    0.05    0.34    0.34 v debug.wbs_ack_o$_DFF_PP0_/Q (sky130_fd_sc_hd__dfrtp_1)
                                         debug.wbs_ack_o (net)
                  0.05    0.00    0.34 v _655_/A_N (sky130_fd_sc_hd__nand3b_1)
     3    0.01    0.12    0.20    0.55 v _655_/Y (sky130_fd_sc_hd__nand3b_1)
                                         _255_ (net)
                  0.12    0.00    0.55 v _616_/B (sky130_fd_sc_hd__nor3_1)
     4    0.02    0.53    0.48    1.03 ^ _616_/Y (sky130_fd_sc_hd__nor3_1)
                                         _217_ (net)
                  0.53    0.00    1.03 ^ _620_/D (sky130_fd_sc_hd__nand4_1)
     8    0.06    0.66    0.63    1.66 v _620_/Y (sky130_fd_sc_hd__nand4_1)
                                         _221_ (net)
                  0.66    0.00    1.67 v _652_/S (sky130_fd_sc_hd__mux2_1)
     1    0.00    0.06    0.54    2.20 v _652_/X (sky130_fd_sc_hd__mux2_1)
                                         _253_ (net)
                  0.06    0.00    2.20 v debug.debug_reg_1[0]$_DFFE_PP0P_/D (sky130_fd_sc_hd__dfrtp_1)
                                  2.20   data arrival time

                  0.00   10.00   10.00   clock wb_clk (rise edge)
                          0.00   10.00   clock network delay (ideal)
                          0.00   10.00   clock reconvergence pessimism
                                 10.00 ^ debug.debug_reg_1[0]$_DFFE_PP0P_/CLK (sky130_fd_sc_hd__dfrtp_1)
                         -0.13    9.87   library setup time
                                  9.87   data required time
-----------------------------------------------------------------------------
                                  9.87   data required time
                                 -2.20   data arrival time
-----------------------------------------------------------------------------
                                  7.66   slack (MET)



==========================================================================
global place report_checks -unconstrained
--------------------------------------------------------------------------
Startpoint: debug.wbs_ack_o$_DFF_PP0_
            (rising edge-triggered flip-flop clocked by wb_clk)
Endpoint: debug.debug_reg_1[0]$_DFFE_PP0P_
          (rising edge-triggered flip-flop clocked by wb_clk)
Path Group: wb_clk
Path Type: max

Fanout     Cap    Slew   Delay    Time   Description
-----------------------------------------------------------------------------
                  0.00    0.00    0.00   clock wb_clk (rise edge)
                          0.00    0.00   clock network delay (ideal)
                  0.00    0.00    0.00 ^ debug.wbs_ack_o$_DFF_PP0_/CLK (sky130_fd_sc_hd__dfrtp_1)
     2    0.00    0.05    0.34    0.34 v debug.wbs_ack_o$_DFF_PP0_/Q (sky130_fd_sc_hd__dfrtp_1)
                                         debug.wbs_ack_o (net)
                  0.05    0.00    0.34 v _655_/A_N (sky130_fd_sc_hd__nand3b_1)
     3    0.01    0.12    0.20    0.55 v _655_/Y (sky130_fd_sc_hd__nand3b_1)
                                         _255_ (net)
                  0.12    0.00    0.55 v _616_/B (sky130_fd_sc_hd__nor3_1)
     4    0.02    0.53    0.48    1.03 ^ _616_/Y (sky130_fd_sc_hd__nor3_1)
                                         _217_ (net)
                  0.53    0.00    1.03 ^ _620_/D (sky130_fd_sc_hd__nand4_1)
     8    0.06    0.66    0.63    1.66 v _620_/Y (sky130_fd_sc_hd__nand4_1)
                                         _221_ (net)
                  0.66    0.00    1.67 v _652_/S (sky130_fd_sc_hd__mux2_1)
     1    0.00    0.06    0.54    2.20 v _652_/X (sky130_fd_sc_hd__mux2_1)
                                         _253_ (net)
                  0.06    0.00    2.20 v debug.debug_reg_1[0]$_DFFE_PP0P_/D (sky130_fd_sc_hd__dfrtp_1)
                                  2.20   data arrival time

                  0.00   10.00   10.00   clock wb_clk (rise edge)
                          0.00   10.00   clock network delay (ideal)
                          0.00   10.00   clock reconvergence pessimism
                                 10.00 ^ debug.debug_reg_1[0]$_DFFE_PP0P_/CLK (sky130_fd_sc_hd__dfrtp_1)
                         -0.13    9.87   library setup time
                                  9.87   data required time
-----------------------------------------------------------------------------
                                  9.87   data required time
                                 -2.20   data arrival time
-----------------------------------------------------------------------------
                                  7.66   slack (MET)



==========================================================================
global place report_power
--------------------------------------------------------------------------
Group                  Internal  Switching    Leakage      Total
                          Power      Power      Power      Power (Watts)
----------------------------------------------------------------
Sequential             4.00e-04   1.53e-13   1.36e-09   4.00e-04  88.4%
Combinational          3.00e-05   2.23e-05   1.84e-09   5.23e-05  11.6%
Clock                  0.00e+00   0.00e+00   0.00e+00   0.00e+00   0.0%
Macro                  0.00e+00   0.00e+00   0.00e+00   0.00e+00   0.0%
Pad                    0.00e+00   0.00e+00   0.00e+00   0.00e+00   0.0%
----------------------------------------------------------------
Total                  4.30e-04   2.23e-05   3.20e-09   4.52e-04 100.0%
                          95.1%       4.9%       0.0%
