
==========================================================================
cts final report_tns
--------------------------------------------------------------------------
tns max 0.00

==========================================================================
cts final report_wns
--------------------------------------------------------------------------
wns max 0.00

==========================================================================
cts final report_worst_slack
--------------------------------------------------------------------------
worst slack max 7.60

==========================================================================
cts final report_clock_min_period
--------------------------------------------------------------------------
wb_clk period_min = 2.40 fmax = 417.05

==========================================================================
cts final report_clock_skew
--------------------------------------------------------------------------
Clock wb_clk
   0.35 source latency debug.debug_reg_2[0]$_DFFE_PP0P_/CLK ^
  -0.36 target latency debug.wbs_dat_o[0]$_DFFE_PP0N_/CLK ^
   0.00 CRPR
--------------
  -0.01 setup skew


==========================================================================
cts final report_checks -path_delay min
--------------------------------------------------------------------------
Startpoint: debug.debug_reg_1[1]$_DFFE_PP0P_
            (rising edge-triggered flip-flop clocked by wb_clk)
Endpoint: debug.debug_reg_1[1]$_DFFE_PP0P_
          (rising edge-triggered flip-flop clocked by wb_clk)
Path Group: wb_clk
Path Type: min

Fanout     Cap    Slew   Delay    Time   Description
-----------------------------------------------------------------------------
                          0.00    0.00   clock wb_clk (rise edge)
                          0.00    0.00   clock source latency
     1    0.03    0.00    0.00    0.00 ^ wb_clk_i (in)
                                         wb_clk_i (net)
                  0.00    0.00    0.00 ^ clkbuf_0_wb_clk_i/A (sky130_fd_sc_hd__clkbuf_16)
     8    0.10    0.12    0.17    0.17 ^ clkbuf_0_wb_clk_i/X (sky130_fd_sc_hd__clkbuf_16)
                                         clknet_0_wb_clk_i (net)
                  0.12    0.00    0.18 ^ clkbuf_3_0__f_wb_clk_i/A (sky130_fd_sc_hd__clkbuf_16)
    10    0.05    0.07    0.18    0.35 ^ clkbuf_3_0__f_wb_clk_i/X (sky130_fd_sc_hd__clkbuf_16)
                                         clknet_3_0__leaf_wb_clk_i (net)
                  0.07    0.00    0.35 ^ debug.debug_reg_1[1]$_DFFE_PP0P_/CLK (sky130_fd_sc_hd__dfrtp_1)
     2    0.00    0.06    0.33    0.69 ^ debug.debug_reg_1[1]$_DFFE_PP0P_/Q (sky130_fd_sc_hd__dfrtp_1)
                                         _012_ (net)
                  0.06    0.00    0.69 ^ _641_/A1 (sky130_fd_sc_hd__mux2_1)
     1    0.00    0.05    0.13    0.81 ^ _641_/X (sky130_fd_sc_hd__mux2_1)
                                         _242_ (net)
                  0.05    0.00    0.81 ^ debug.debug_reg_1[1]$_DFFE_PP0P_/D (sky130_fd_sc_hd__dfrtp_1)
                                  0.81   data arrival time

                          0.00    0.00   clock wb_clk (rise edge)
                          0.00    0.00   clock source latency
     1    0.03    0.00    0.00    0.00 ^ wb_clk_i (in)
                                         wb_clk_i (net)
                  0.00    0.00    0.00 ^ clkbuf_0_wb_clk_i/A (sky130_fd_sc_hd__clkbuf_16)
     8    0.10    0.12    0.17    0.17 ^ clkbuf_0_wb_clk_i/X (sky130_fd_sc_hd__clkbuf_16)
                                         clknet_0_wb_clk_i (net)
                  0.12    0.00    0.18 ^ clkbuf_3_0__f_wb_clk_i/A (sky130_fd_sc_hd__clkbuf_16)
    10    0.05    0.07    0.18    0.35 ^ clkbuf_3_0__f_wb_clk_i/X (sky130_fd_sc_hd__clkbuf_16)
                                         clknet_3_0__leaf_wb_clk_i (net)
                  0.07    0.00    0.35 ^ debug.debug_reg_1[1]$_DFFE_PP0P_/CLK (sky130_fd_sc_hd__dfrtp_1)
                          0.00    0.35   clock reconvergence pessimism
                         -0.03    0.32   library hold time
                                  0.32   data required time
-----------------------------------------------------------------------------
                                  0.32   data required time
                                 -0.81   data arrival time
-----------------------------------------------------------------------------
                                  0.49   slack (MET)



==========================================================================
cts final report_checks -path_delay max
--------------------------------------------------------------------------
Startpoint: debug.wbs_ack_o$_DFF_PP0_
            (rising edge-triggered flip-flop clocked by wb_clk)
Endpoint: debug.debug_reg_1[0]$_DFFE_PP0P_
          (rising edge-triggered flip-flop clocked by wb_clk)
Path Group: wb_clk
Path Type: max

Fanout     Cap    Slew   Delay    Time   Description
-----------------------------------------------------------------------------
                          0.00    0.00   clock wb_clk (rise edge)
                          0.00    0.00   clock source latency
     1    0.03    0.00    0.00    0.00 ^ wb_clk_i (in)
                                         wb_clk_i (net)
                  0.00    0.00    0.00 ^ clkbuf_0_wb_clk_i/A (sky130_fd_sc_hd__clkbuf_16)
     8    0.10    0.12    0.17    0.17 ^ clkbuf_0_wb_clk_i/X (sky130_fd_sc_hd__clkbuf_16)
                                         clknet_0_wb_clk_i (net)
                  0.12    0.00    0.18 ^ clkbuf_3_6__f_wb_clk_i/A (sky130_fd_sc_hd__clkbuf_16)
    11    0.05    0.07    0.18    0.35 ^ clkbuf_3_6__f_wb_clk_i/X (sky130_fd_sc_hd__clkbuf_16)
                                         clknet_3_6__leaf_wb_clk_i (net)
                  0.07    0.00    0.35 ^ debug.wbs_ack_o$_DFF_PP0_/CLK (sky130_fd_sc_hd__dfrtp_1)
     2    0.00    0.05    0.37    0.73 v debug.wbs_ack_o$_DFF_PP0_/Q (sky130_fd_sc_hd__dfrtp_1)
                                         debug.wbs_ack_o (net)
                  0.05    0.00    0.73 v _655_/A_N (sky130_fd_sc_hd__nand3b_1)
     3    0.01    0.12    0.21    0.93 v _655_/Y (sky130_fd_sc_hd__nand3b_1)
                                         _255_ (net)
                  0.12    0.00    0.93 v _616_/B (sky130_fd_sc_hd__nor3_1)
     4    0.02    0.54    0.49    1.42 ^ _616_/Y (sky130_fd_sc_hd__nor3_1)
                                         _217_ (net)
                  0.54    0.00    1.42 ^ _620_/D (sky130_fd_sc_hd__nand4_1)
     8    0.06    0.70    0.66    2.08 v _620_/Y (sky130_fd_sc_hd__nand4_1)
                                         _221_ (net)
                  0.70    0.00    2.08 v _652_/S (sky130_fd_sc_hd__mux2_1)
     1    0.00    0.06    0.55    2.63 v _652_/X (sky130_fd_sc_hd__mux2_1)
                                         _253_ (net)
                  0.06    0.00    2.63 v debug.debug_reg_1[0]$_DFFE_PP0P_/D (sky130_fd_sc_hd__dfrtp_1)
                                  2.63   data arrival time

                         10.00   10.00   clock wb_clk (rise edge)
                          0.00   10.00   clock source latency
     1    0.03    0.00    0.00   10.00 ^ wb_clk_i (in)
                                         wb_clk_i (net)
                  0.00    0.00   10.00 ^ clkbuf_0_wb_clk_i/A (sky130_fd_sc_hd__clkbuf_16)
     8    0.10    0.12    0.17   10.17 ^ clkbuf_0_wb_clk_i/X (sky130_fd_sc_hd__clkbuf_16)
                                         clknet_0_wb_clk_i (net)
                  0.12    0.00   10.18 ^ clkbuf_3_0__f_wb_clk_i/A (sky130_fd_sc_hd__clkbuf_16)
    10    0.05    0.07    0.18   10.35 ^ clkbuf_3_0__f_wb_clk_i/X (sky130_fd_sc_hd__clkbuf_16)
                                         clknet_3_0__leaf_wb_clk_i (net)
                  0.07    0.00   10.35 ^ debug.debug_reg_1[0]$_DFFE_PP0P_/CLK (sky130_fd_sc_hd__dfrtp_1)
                          0.00   10.35   clock reconvergence pessimism
                         -0.12   10.23   library setup time
                                 10.23   data required time
-----------------------------------------------------------------------------
                                 10.23   data required time
                                 -2.63   data arrival time
-----------------------------------------------------------------------------
                                  7.60   slack (MET)



==========================================================================
cts final report_checks -unconstrained
--------------------------------------------------------------------------
Startpoint: debug.wbs_ack_o$_DFF_PP0_
            (rising edge-triggered flip-flop clocked by wb_clk)
Endpoint: debug.debug_reg_1[0]$_DFFE_PP0P_
          (rising edge-triggered flip-flop clocked by wb_clk)
Path Group: wb_clk
Path Type: max

Fanout     Cap    Slew   Delay    Time   Description
-----------------------------------------------------------------------------
                          0.00    0.00   clock wb_clk (rise edge)
                          0.00    0.00   clock source latency
     1    0.03    0.00    0.00    0.00 ^ wb_clk_i (in)
                                         wb_clk_i (net)
                  0.00    0.00    0.00 ^ clkbuf_0_wb_clk_i/A (sky130_fd_sc_hd__clkbuf_16)
     8    0.10    0.12    0.17    0.17 ^ clkbuf_0_wb_clk_i/X (sky130_fd_sc_hd__clkbuf_16)
                                         clknet_0_wb_clk_i (net)
                  0.12    0.00    0.18 ^ clkbuf_3_6__f_wb_clk_i/A (sky130_fd_sc_hd__clkbuf_16)
    11    0.05    0.07    0.18    0.35 ^ clkbuf_3_6__f_wb_clk_i/X (sky130_fd_sc_hd__clkbuf_16)
                                         clknet_3_6__leaf_wb_clk_i (net)
                  0.07    0.00    0.35 ^ debug.wbs_ack_o$_DFF_PP0_/CLK (sky130_fd_sc_hd__dfrtp_1)
     2    0.00    0.05    0.37    0.73 v debug.wbs_ack_o$_DFF_PP0_/Q (sky130_fd_sc_hd__dfrtp_1)
                                         debug.wbs_ack_o (net)
                  0.05    0.00    0.73 v _655_/A_N (sky130_fd_sc_hd__nand3b_1)
     3    0.01    0.12    0.21    0.93 v _655_/Y (sky130_fd_sc_hd__nand3b_1)
                                         _255_ (net)
                  0.12    0.00    0.93 v _616_/B (sky130_fd_sc_hd__nor3_1)
     4    0.02    0.54    0.49    1.42 ^ _616_/Y (sky130_fd_sc_hd__nor3_1)
                                         _217_ (net)
                  0.54    0.00    1.42 ^ _620_/D (sky130_fd_sc_hd__nand4_1)
     8    0.06    0.70    0.66    2.08 v _620_/Y (sky130_fd_sc_hd__nand4_1)
                                         _221_ (net)
                  0.70    0.00    2.08 v _652_/S (sky130_fd_sc_hd__mux2_1)
     1    0.00    0.06    0.55    2.63 v _652_/X (sky130_fd_sc_hd__mux2_1)
                                         _253_ (net)
                  0.06    0.00    2.63 v debug.debug_reg_1[0]$_DFFE_PP0P_/D (sky130_fd_sc_hd__dfrtp_1)
                                  2.63   data arrival time

                         10.00   10.00   clock wb_clk (rise edge)
                          0.00   10.00   clock source latency
     1    0.03    0.00    0.00   10.00 ^ wb_clk_i (in)
                                         wb_clk_i (net)
                  0.00    0.00   10.00 ^ clkbuf_0_wb_clk_i/A (sky130_fd_sc_hd__clkbuf_16)
     8    0.10    0.12    0.17   10.17 ^ clkbuf_0_wb_clk_i/X (sky130_fd_sc_hd__clkbuf_16)
                                         clknet_0_wb_clk_i (net)
                  0.12    0.00   10.18 ^ clkbuf_3_0__f_wb_clk_i/A (sky130_fd_sc_hd__clkbuf_16)
    10    0.05    0.07    0.18   10.35 ^ clkbuf_3_0__f_wb_clk_i/X (sky130_fd_sc_hd__clkbuf_16)
                                         clknet_3_0__leaf_wb_clk_i (net)
                  0.07    0.00   10.35 ^ debug.debug_reg_1[0]$_DFFE_PP0P_/CLK (sky130_fd_sc_hd__dfrtp_1)
                          0.00   10.35   clock reconvergence pessimism
                         -0.12   10.23   library setup time
                                 10.23   data required time
-----------------------------------------------------------------------------
                                 10.23   data required time
                                 -2.63   data arrival time
-----------------------------------------------------------------------------
                                  7.60   slack (MET)



==========================================================================
cts final report_check_types -max_slew -max_cap -max_fanout -violators
--------------------------------------------------------------------------

==========================================================================
cts final max_slew_check_slack
--------------------------------------------------------------------------
0.649692177772522

==========================================================================
cts final max_slew_check_limit
--------------------------------------------------------------------------
1.4958089590072632

==========================================================================
cts final max_slew_check_slack_limit
--------------------------------------------------------------------------
0.4343

==========================================================================
cts final max_fanout_check_slack
--------------------------------------------------------------------------
1.0000000150474662e+30

==========================================================================
cts final max_fanout_check_limit
--------------------------------------------------------------------------
1.0000000150474662e+30

==========================================================================
cts final max_capacitance_check_slack
--------------------------------------------------------------------------
0.031356070190668106

==========================================================================
cts final max_capacitance_check_limit
--------------------------------------------------------------------------
0.03663099929690361

==========================================================================
cts final max_capacitance_check_slack_limit
--------------------------------------------------------------------------
0.8560

==========================================================================
cts final max_slew_violation_count
--------------------------------------------------------------------------
max slew violation count 0

==========================================================================
cts final max_fanout_violation_count
--------------------------------------------------------------------------
max fanout violation count 0

==========================================================================
cts final max_cap_violation_count
--------------------------------------------------------------------------
max cap violation count 0

==========================================================================
cts final setup_violation_count
--------------------------------------------------------------------------
setup violation count 0

==========================================================================
cts final hold_violation_count
--------------------------------------------------------------------------
hold violation count 0

==========================================================================
cts final report_checks -path_delay max reg to reg
--------------------------------------------------------------------------
Startpoint: debug.wbs_ack_o$_DFF_PP0_
            (rising edge-triggered flip-flop clocked by wb_clk)
Endpoint: debug.debug_reg_1[0]$_DFFE_PP0P_
          (rising edge-triggered flip-flop clocked by wb_clk)
Path Group: wb_clk
Path Type: max

  Delay    Time   Description
---------------------------------------------------------
   0.00    0.00   clock wb_clk (rise edge)
   0.00    0.00   clock source latency
   0.00    0.00 ^ wb_clk_i (in)
   0.17    0.17 ^ clkbuf_0_wb_clk_i/X (sky130_fd_sc_hd__clkbuf_16)
   0.18    0.35 ^ clkbuf_3_6__f_wb_clk_i/X (sky130_fd_sc_hd__clkbuf_16)
   0.00    0.35 ^ debug.wbs_ack_o$_DFF_PP0_/CLK (sky130_fd_sc_hd__dfrtp_1)
   0.37    0.73 v debug.wbs_ack_o$_DFF_PP0_/Q (sky130_fd_sc_hd__dfrtp_1)
   0.21    0.93 v _655_/Y (sky130_fd_sc_hd__nand3b_1)
   0.49    1.42 ^ _616_/Y (sky130_fd_sc_hd__nor3_1)
   0.66    2.08 v _620_/Y (sky130_fd_sc_hd__nand4_1)
   0.55    2.63 v _652_/X (sky130_fd_sc_hd__mux2_1)
   0.00    2.63 v debug.debug_reg_1[0]$_DFFE_PP0P_/D (sky130_fd_sc_hd__dfrtp_1)
           2.63   data arrival time

  10.00   10.00   clock wb_clk (rise edge)
   0.00   10.00   clock source latency
   0.00   10.00 ^ wb_clk_i (in)
   0.17   10.17 ^ clkbuf_0_wb_clk_i/X (sky130_fd_sc_hd__clkbuf_16)
   0.18   10.35 ^ clkbuf_3_0__f_wb_clk_i/X (sky130_fd_sc_hd__clkbuf_16)
   0.00   10.35 ^ debug.debug_reg_1[0]$_DFFE_PP0P_/CLK (sky130_fd_sc_hd__dfrtp_1)
   0.00   10.35   clock reconvergence pessimism
  -0.12   10.23   library setup time
          10.23   data required time
---------------------------------------------------------
          10.23   data required time
          -2.63   data arrival time
---------------------------------------------------------
           7.60   slack (MET)



==========================================================================
cts final report_checks -path_delay min reg to reg
--------------------------------------------------------------------------
Startpoint: debug.debug_reg_1[1]$_DFFE_PP0P_
            (rising edge-triggered flip-flop clocked by wb_clk)
Endpoint: debug.debug_reg_1[1]$_DFFE_PP0P_
          (rising edge-triggered flip-flop clocked by wb_clk)
Path Group: wb_clk
Path Type: min

  Delay    Time   Description
---------------------------------------------------------
   0.00    0.00   clock wb_clk (rise edge)
   0.00    0.00   clock source latency
   0.00    0.00 ^ wb_clk_i (in)
   0.17    0.17 ^ clkbuf_0_wb_clk_i/X (sky130_fd_sc_hd__clkbuf_16)
   0.18    0.35 ^ clkbuf_3_0__f_wb_clk_i/X (sky130_fd_sc_hd__clkbuf_16)
   0.00    0.35 ^ debug.debug_reg_1[1]$_DFFE_PP0P_/CLK (sky130_fd_sc_hd__dfrtp_1)
   0.33    0.69 ^ debug.debug_reg_1[1]$_DFFE_PP0P_/Q (sky130_fd_sc_hd__dfrtp_1)
   0.13    0.81 ^ _641_/X (sky130_fd_sc_hd__mux2_1)
   0.00    0.81 ^ debug.debug_reg_1[1]$_DFFE_PP0P_/D (sky130_fd_sc_hd__dfrtp_1)
           0.81   data arrival time

   0.00    0.00   clock wb_clk (rise edge)
   0.00    0.00   clock source latency
   0.00    0.00 ^ wb_clk_i (in)
   0.17    0.17 ^ clkbuf_0_wb_clk_i/X (sky130_fd_sc_hd__clkbuf_16)
   0.18    0.35 ^ clkbuf_3_0__f_wb_clk_i/X (sky130_fd_sc_hd__clkbuf_16)
   0.00    0.35 ^ debug.debug_reg_1[1]$_DFFE_PP0P_/CLK (sky130_fd_sc_hd__dfrtp_1)
   0.00    0.35   clock reconvergence pessimism
  -0.03    0.32   library hold time
           0.32   data required time
---------------------------------------------------------
           0.32   data required time
          -0.81   data arrival time
---------------------------------------------------------
           0.49   slack (MET)



==========================================================================
cts final critical path target clock latency max path
--------------------------------------------------------------------------
0

==========================================================================
cts final critical path target clock latency min path
--------------------------------------------------------------------------
0

==========================================================================
cts final critical path source clock latency min path
--------------------------------------------------------------------------
0

==========================================================================
cts final critical path delay
--------------------------------------------------------------------------
2.6320

==========================================================================
cts final critical path slack
--------------------------------------------------------------------------
7.6022

==========================================================================
cts final slack div critical path delay
--------------------------------------------------------------------------
288.837386

==========================================================================
cts final report_power
--------------------------------------------------------------------------
Group                  Internal  Switching    Leakage      Total
                          Power      Power      Power      Power (Watts)
----------------------------------------------------------------
Sequential             3.92e-04   1.56e-13   1.36e-09   3.92e-04  46.7%
Combinational          3.00e-05   2.24e-05   1.84e-09   5.24e-05   6.2%
Clock                  2.21e-04   1.73e-04   1.57e-10   3.95e-04  47.0%
Macro                  0.00e+00   0.00e+00   0.00e+00   0.00e+00   0.0%
Pad                    0.00e+00   0.00e+00   0.00e+00   0.00e+00   0.0%
----------------------------------------------------------------
Total                  6.43e-04   1.96e-04   3.36e-09   8.39e-04 100.0%
                          76.7%      23.3%       0.0%
