
==========================================================================
floorplan final report_tns
--------------------------------------------------------------------------
tns max 0.00

==========================================================================
floorplan final report_wns
--------------------------------------------------------------------------
wns max 0.00

==========================================================================
floorplan final report_worst_slack
--------------------------------------------------------------------------
worst slack max 3.35

==========================================================================
floorplan final report_clock_min_period
--------------------------------------------------------------------------
clk_div period_min = 1.92 fmax = 520.03

==========================================================================
floorplan final report_checks -path_delay min
--------------------------------------------------------------------------
Startpoint: syncNp[0]$_DFF_PN0_
            (rising edge-triggered flip-flop clocked by clk_div)
Endpoint: syncN[0]$_DFF_PN0_
          (rising edge-triggered flip-flop clocked by clk_div)
Path Group: clk_div
Path Type: min

Fanout     Cap    Slew   Delay    Time   Description
-----------------------------------------------------------------------------
                  0.00    0.00    0.00   clock clk_div (rise edge)
                          0.00    0.00   clock network delay (ideal)
                  0.00    0.00    0.00 ^ syncNp[0]$_DFF_PN0_/CLK (sky130_fd_sc_hd__dfrtp_1)
     1    0.00    0.04    0.29    0.29 ^ syncNp[0]$_DFF_PN0_/Q (sky130_fd_sc_hd__dfrtp_1)
                                         _040_ (net)
                  0.04    0.00    0.29 ^ syncN[0]$_DFF_PN0_/D (sky130_fd_sc_hd__dfrtp_1)
                                  0.29   data arrival time

                  0.00    0.00    0.00   clock clk_div (rise edge)
                          0.00    0.00   clock network delay (ideal)
                          0.00    0.00   clock reconvergence pessimism
                                  0.00 ^ syncN[0]$_DFF_PN0_/CLK (sky130_fd_sc_hd__dfrtp_1)
                         -0.04   -0.04   library hold time
                                 -0.04   data required time
-----------------------------------------------------------------------------
                                 -0.04   data required time
                                 -0.29   data arrival time
-----------------------------------------------------------------------------
                                  0.33   slack (MET)



==========================================================================
floorplan final report_checks -path_delay max
--------------------------------------------------------------------------
Startpoint: syncN[0]$_DFF_PN0_
            (rising edge-triggered flip-flop clocked by clk_div)
Endpoint: odd_0.initial_begin[0]$_DFFE_NN0P_
          (falling edge-triggered flip-flop clocked by clk_div)
Path Group: clk_div
Path Type: max

Fanout     Cap    Slew   Delay    Time   Description
-----------------------------------------------------------------------------
                  0.00    0.00    0.00   clock clk_div (rise edge)
                          0.00    0.00   clock network delay (ideal)
                  0.00    0.00    0.00 ^ syncN[0]$_DFF_PN0_/CLK (sky130_fd_sc_hd__dfrtp_1)
    12    0.03    0.25    0.45    0.45 ^ syncN[0]$_DFF_PN0_/Q (sky130_fd_sc_hd__dfrtp_1)
                                         _037_ (net)
                  0.25    0.00    0.45 ^ _162_/A (sky130_fd_sc_hd__clkinv_1)
     5    0.01    0.13    0.18    0.63 v _162_/Y (sky130_fd_sc_hd__clkinv_1)
                                         _065_ (net)
                  0.13    0.00    0.63 v _161_/A (sky130_fd_sc_hd__nor4_1)
     5    0.01    0.62    0.59    1.23 ^ _161_/Y (sky130_fd_sc_hd__nor4_1)
                                         _064_ (net)
                  0.62    0.00    1.23 ^ _172_/B (sky130_fd_sc_hd__xnor2_1)
     1    0.00    0.11    0.18    1.41 ^ _172_/Y (sky130_fd_sc_hd__xnor2_1)
                                         _075_ (net)
                  0.11    0.00    1.41 ^ _173_/A1 (sky130_fd_sc_hd__mux2i_1)
     1    0.00    0.05    0.08    1.48 v _173_/Y (sky130_fd_sc_hd__mux2i_1)
                                         _076_ (net)
                  0.05    0.00    1.48 v odd_0.initial_begin[0]$_DFFE_NN0P_/D (sky130_fd_sc_hd__dfrtn_1)
                                  1.48   data arrival time

                  0.00    5.00    5.00   clock clk_div (fall edge)
                          0.00    5.00   clock network delay (ideal)
                          0.00    5.00   clock reconvergence pessimism
                                  5.00 v odd_0.initial_begin[0]$_DFFE_NN0P_/CLK_N (sky130_fd_sc_hd__dfrtn_1)
                         -0.17    4.83   library setup time
                                  4.83   data required time
-----------------------------------------------------------------------------
                                  4.83   data required time
                                 -1.48   data arrival time
-----------------------------------------------------------------------------
                                  3.35   slack (MET)



==========================================================================
floorplan final report_checks -unconstrained
--------------------------------------------------------------------------
Startpoint: syncN[0]$_DFF_PN0_
            (rising edge-triggered flip-flop clocked by clk_div)
Endpoint: odd_0.initial_begin[0]$_DFFE_NN0P_
          (falling edge-triggered flip-flop clocked by clk_div)
Path Group: clk_div
Path Type: max

Fanout     Cap    Slew   Delay    Time   Description
-----------------------------------------------------------------------------
                  0.00    0.00    0.00   clock clk_div (rise edge)
                          0.00    0.00   clock network delay (ideal)
                  0.00    0.00    0.00 ^ syncN[0]$_DFF_PN0_/CLK (sky130_fd_sc_hd__dfrtp_1)
    12    0.03    0.25    0.45    0.45 ^ syncN[0]$_DFF_PN0_/Q (sky130_fd_sc_hd__dfrtp_1)
                                         _037_ (net)
                  0.25    0.00    0.45 ^ _162_/A (sky130_fd_sc_hd__clkinv_1)
     5    0.01    0.13    0.18    0.63 v _162_/Y (sky130_fd_sc_hd__clkinv_1)
                                         _065_ (net)
                  0.13    0.00    0.63 v _161_/A (sky130_fd_sc_hd__nor4_1)
     5    0.01    0.62    0.59    1.23 ^ _161_/Y (sky130_fd_sc_hd__nor4_1)
                                         _064_ (net)
                  0.62    0.00    1.23 ^ _172_/B (sky130_fd_sc_hd__xnor2_1)
     1    0.00    0.11    0.18    1.41 ^ _172_/Y (sky130_fd_sc_hd__xnor2_1)
                                         _075_ (net)
                  0.11    0.00    1.41 ^ _173_/A1 (sky130_fd_sc_hd__mux2i_1)
     1    0.00    0.05    0.08    1.48 v _173_/Y (sky130_fd_sc_hd__mux2i_1)
                                         _076_ (net)
                  0.05    0.00    1.48 v odd_0.initial_begin[0]$_DFFE_NN0P_/D (sky130_fd_sc_hd__dfrtn_1)
                                  1.48   data arrival time

                  0.00    5.00    5.00   clock clk_div (fall edge)
                          0.00    5.00   clock network delay (ideal)
                          0.00    5.00   clock reconvergence pessimism
                                  5.00 v odd_0.initial_begin[0]$_DFFE_NN0P_/CLK_N (sky130_fd_sc_hd__dfrtn_1)
                         -0.17    4.83   library setup time
                                  4.83   data required time
-----------------------------------------------------------------------------
                                  4.83   data required time
                                 -1.48   data arrival time
-----------------------------------------------------------------------------
                                  3.35   slack (MET)



==========================================================================
floorplan final report_power
--------------------------------------------------------------------------
Group                  Internal  Switching    Leakage      Total
                          Power      Power      Power      Power (Watts)
----------------------------------------------------------------
Sequential             1.23e-04   1.06e-05   2.70e-10   1.34e-04  71.8%
Combinational          2.30e-05   2.05e-05   2.42e-10   4.35e-05  23.4%
Clock                  3.45e-06   5.46e-06   4.11e-12   8.92e-06   4.8%
Macro                  0.00e+00   0.00e+00   0.00e+00   0.00e+00   0.0%
Pad                    0.00e+00   0.00e+00   0.00e+00   0.00e+00   0.0%
----------------------------------------------------------------
Total                  1.50e-04   3.65e-05   5.16e-10   1.86e-04 100.0%
                          80.4%      19.6%       0.0%
