
==========================================================================
resizer report_tns
--------------------------------------------------------------------------
tns max -92.21

==========================================================================
resizer report_wns
--------------------------------------------------------------------------
wns max -2.20

==========================================================================
resizer report_worst_slack
--------------------------------------------------------------------------
worst slack max -2.20

==========================================================================
resizer report_clock_min_period
--------------------------------------------------------------------------
core_clock period_min = 3.30 fmax = 302.95

==========================================================================
resizer report_checks -path_delay min
--------------------------------------------------------------------------
Startpoint: ctrl.state.out[1]$_DFF_P_
            (rising edge-triggered flip-flop clocked by core_clock)
Endpoint: ctrl.state.out[1]$_DFF_P_
          (rising edge-triggered flip-flop clocked by core_clock)
Path Group: core_clock
Path Type: min

Fanout     Cap    Slew   Delay    Time   Description
-----------------------------------------------------------------------------
                  0.00    0.00    0.00   clock core_clock (rise edge)
                          0.00    0.00   clock network delay (ideal)
                  0.00    0.00    0.00 ^ ctrl.state.out[1]$_DFF_P_/CLK (sky130_fd_sc_hd__dfxtp_1)
     2    0.00    0.04    0.28    0.28 v ctrl.state.out[1]$_DFF_P_/Q (sky130_fd_sc_hd__dfxtp_1)
                                         ctrl.state.out[1] (net)
                  0.04    0.00    0.28 v _170_/B1 (sky130_fd_sc_hd__o21ai_0)
     1    0.00    0.06    0.06    0.34 ^ _170_/Y (sky130_fd_sc_hd__o21ai_0)
                                         _013_ (net)
                  0.06    0.00    0.34 ^ _172_/A1 (sky130_fd_sc_hd__a21oi_1)
     1    0.00    0.02    0.06    0.40 v _172_/Y (sky130_fd_sc_hd__a21oi_1)
                                         _001_ (net)
                  0.02    0.00    0.40 v ctrl.state.out[1]$_DFF_P_/D (sky130_fd_sc_hd__dfxtp_1)
                                  0.40   data arrival time

                  0.00    0.00    0.00   clock core_clock (rise edge)
                          0.00    0.00   clock network delay (ideal)
                          0.00    0.00   clock reconvergence pessimism
                                  0.00 ^ ctrl.state.out[1]$_DFF_P_/CLK (sky130_fd_sc_hd__dfxtp_1)
                         -0.05   -0.05   library hold time
                                 -0.05   data required time
-----------------------------------------------------------------------------
                                 -0.05   data required time
                                 -0.40   data arrival time
-----------------------------------------------------------------------------
                                  0.45   slack (MET)



==========================================================================
resizer report_checks -path_delay max
--------------------------------------------------------------------------
Startpoint: dpath.b_reg.out[6]$_DFFE_PP_
            (rising edge-triggered flip-flop clocked by core_clock)
Endpoint: resp_msg[13] (output port clocked by core_clock)
Path Group: core_clock
Path Type: max

Fanout     Cap    Slew   Delay    Time   Description
-----------------------------------------------------------------------------
                  0.00    0.00    0.00   clock core_clock (rise edge)
                          0.00    0.00   clock network delay (ideal)
                  0.00    0.00    0.00 ^ dpath.b_reg.out[6]$_DFFE_PP_/CLK (sky130_fd_sc_hd__edfxtp_1)
     2    0.01    0.10    0.39    0.39 v dpath.b_reg.out[6]$_DFFE_PP_/Q (sky130_fd_sc_hd__edfxtp_1)
                                         dpath.a_lt_b$in1[6] (net)
                  0.10    0.00    0.39 v _199_/A (sky130_fd_sc_hd__xnor2_1)
     2    0.01    0.20    0.23    0.62 ^ _199_/Y (sky130_fd_sc_hd__xnor2_1)
                                         _035_ (net)
                  0.20    0.00    0.62 ^ _202_/C (sky130_fd_sc_hd__nand3_1)
     2    0.01    0.08    0.12    0.74 v _202_/Y (sky130_fd_sc_hd__nand3_1)
                                         _037_ (net)
                  0.08    0.00    0.74 v _206_/A3 (sky130_fd_sc_hd__o311ai_0)
     1    0.01    0.73    0.63    1.37 ^ _206_/Y (sky130_fd_sc_hd__o311ai_0)
                                         _041_ (net)
                  0.73    0.00    1.37 ^ _207_/B1 (sky130_fd_sc_hd__a21oi_4)
     3    0.02    0.14    0.08    1.46 v _207_/Y (sky130_fd_sc_hd__a21oi_4)
                                         _042_ (net)
                  0.14    0.00    1.46 v _212_/A1 (sky130_fd_sc_hd__a21oi_1)
     2    0.01    0.21    0.23    1.69 ^ _212_/Y (sky130_fd_sc_hd__a21oi_1)
                                         _046_ (net)
                  0.21    0.00    1.69 ^ _243_/A1 (sky130_fd_sc_hd__a211oi_1)
     2    0.01    0.10    0.14    1.83 v _243_/Y (sky130_fd_sc_hd__a211oi_1)
                                         _073_ (net)
                  0.10    0.00    1.83 v _247_/C (sky130_fd_sc_hd__maj3_1)
     1    0.01    0.08    0.39    2.22 v _247_/X (sky130_fd_sc_hd__maj3_1)
                                         _076_ (net)
                  0.08    0.00    2.22 v _248_/B (sky130_fd_sc_hd__xnor2_1)
     2    0.01    0.21    0.22    2.44 ^ _248_/Y (sky130_fd_sc_hd__xnor2_1)
                                         _077_ (net)
                  0.21    0.00    2.44 ^ _249_/B (sky130_fd_sc_hd__xnor2_1)
     1    0.00    0.15    0.16    2.59 ^ _249_/Y (sky130_fd_sc_hd__xnor2_1)
                                         net41 (net)
                  0.15    0.00    2.59 ^ output41/A (sky130_fd_sc_hd__clkdlybuf4s50_1)
     1    0.00    0.03    0.49    3.08 ^ output41/X (sky130_fd_sc_hd__clkdlybuf4s50_1)
                                         resp_msg[13] (net)
                  0.03    0.00    3.08 ^ resp_msg[13] (out)
                                  3.08   data arrival time

                  0.00    1.10    1.10   clock core_clock (rise edge)
                          0.00    1.10   clock network delay (ideal)
                          0.00    1.10   clock reconvergence pessimism
                         -0.22    0.88   output external delay
                                  0.88   data required time
-----------------------------------------------------------------------------
                                  0.88   data required time
                                 -3.08   data arrival time
-----------------------------------------------------------------------------
                                 -2.20   slack (VIOLATED)



==========================================================================
resizer report_checks -unconstrained
--------------------------------------------------------------------------
Startpoint: dpath.b_reg.out[6]$_DFFE_PP_
            (rising edge-triggered flip-flop clocked by core_clock)
Endpoint: resp_msg[13] (output port clocked by core_clock)
Path Group: core_clock
Path Type: max

Fanout     Cap    Slew   Delay    Time   Description
-----------------------------------------------------------------------------
                  0.00    0.00    0.00   clock core_clock (rise edge)
                          0.00    0.00   clock network delay (ideal)
                  0.00    0.00    0.00 ^ dpath.b_reg.out[6]$_DFFE_PP_/CLK (sky130_fd_sc_hd__edfxtp_1)
     2    0.01    0.10    0.39    0.39 v dpath.b_reg.out[6]$_DFFE_PP_/Q (sky130_fd_sc_hd__edfxtp_1)
                                         dpath.a_lt_b$in1[6] (net)
                  0.10    0.00    0.39 v _199_/A (sky130_fd_sc_hd__xnor2_1)
     2    0.01    0.20    0.23    0.62 ^ _199_/Y (sky130_fd_sc_hd__xnor2_1)
                                         _035_ (net)
                  0.20    0.00    0.62 ^ _202_/C (sky130_fd_sc_hd__nand3_1)
     2    0.01    0.08    0.12    0.74 v _202_/Y (sky130_fd_sc_hd__nand3_1)
                                         _037_ (net)
                  0.08    0.00    0.74 v _206_/A3 (sky130_fd_sc_hd__o311ai_0)
     1    0.01    0.73    0.63    1.37 ^ _206_/Y (sky130_fd_sc_hd__o311ai_0)
                                         _041_ (net)
                  0.73    0.00    1.37 ^ _207_/B1 (sky130_fd_sc_hd__a21oi_4)
     3    0.02    0.14    0.08    1.46 v _207_/Y (sky130_fd_sc_hd__a21oi_4)
                                         _042_ (net)
                  0.14    0.00    1.46 v _212_/A1 (sky130_fd_sc_hd__a21oi_1)
     2    0.01    0.21    0.23    1.69 ^ _212_/Y (sky130_fd_sc_hd__a21oi_1)
                                         _046_ (net)
                  0.21    0.00    1.69 ^ _243_/A1 (sky130_fd_sc_hd__a211oi_1)
     2    0.01    0.10    0.14    1.83 v _243_/Y (sky130_fd_sc_hd__a211oi_1)
                                         _073_ (net)
                  0.10    0.00    1.83 v _247_/C (sky130_fd_sc_hd__maj3_1)
     1    0.01    0.08    0.39    2.22 v _247_/X (sky130_fd_sc_hd__maj3_1)
                                         _076_ (net)
                  0.08    0.00    2.22 v _248_/B (sky130_fd_sc_hd__xnor2_1)
     2    0.01    0.21    0.22    2.44 ^ _248_/Y (sky130_fd_sc_hd__xnor2_1)
                                         _077_ (net)
                  0.21    0.00    2.44 ^ _249_/B (sky130_fd_sc_hd__xnor2_1)
     1    0.00    0.15    0.16    2.59 ^ _249_/Y (sky130_fd_sc_hd__xnor2_1)
                                         net41 (net)
                  0.15    0.00    2.59 ^ output41/A (sky130_fd_sc_hd__clkdlybuf4s50_1)
     1    0.00    0.03    0.49    3.08 ^ output41/X (sky130_fd_sc_hd__clkdlybuf4s50_1)
                                         resp_msg[13] (net)
                  0.03    0.00    3.08 ^ resp_msg[13] (out)
                                  3.08   data arrival time

                  0.00    1.10    1.10   clock core_clock (rise edge)
                          0.00    1.10   clock network delay (ideal)
                          0.00    1.10   clock reconvergence pessimism
                         -0.22    0.88   output external delay
                                  0.88   data required time
-----------------------------------------------------------------------------
                                  0.88   data required time
                                 -3.08   data arrival time
-----------------------------------------------------------------------------
                                 -2.20   slack (VIOLATED)



==========================================================================
resizer report_check_types -max_slew -max_cap -max_fanout -violators
--------------------------------------------------------------------------

==========================================================================
resizer max_slew_check_slack
--------------------------------------------------------------------------
0.754725992679596

==========================================================================
resizer max_slew_check_limit
--------------------------------------------------------------------------
1.4811999797821045

==========================================================================
resizer max_slew_check_slack_limit
--------------------------------------------------------------------------
0.5095

==========================================================================
resizer max_fanout_check_slack
--------------------------------------------------------------------------
1.0000000150474662e+30

==========================================================================
resizer max_fanout_check_limit
--------------------------------------------------------------------------
1.0000000150474662e+30

==========================================================================
resizer max_capacitance_check_slack
--------------------------------------------------------------------------
0.01617071032524109

==========================================================================
resizer max_capacitance_check_limit
--------------------------------------------------------------------------
0.02930700220167637

==========================================================================
resizer max_capacitance_check_slack_limit
--------------------------------------------------------------------------
0.5518

==========================================================================
resizer max_slew_violation_count
--------------------------------------------------------------------------
max slew violation count 0

==========================================================================
resizer max_fanout_violation_count
--------------------------------------------------------------------------
max fanout violation count 0

==========================================================================
resizer max_cap_violation_count
--------------------------------------------------------------------------
max cap violation count 0

==========================================================================
resizer setup_violation_count
--------------------------------------------------------------------------
setup violation count 63

==========================================================================
resizer hold_violation_count
--------------------------------------------------------------------------
hold violation count 0

==========================================================================
resizer report_checks -path_delay max reg to reg
--------------------------------------------------------------------------
Startpoint: dpath.b_reg.out[6]$_DFFE_PP_
            (rising edge-triggered flip-flop clocked by core_clock)
Endpoint: dpath.a_reg.out[0]$_DFFE_PP_
          (rising edge-triggered flip-flop clocked by core_clock)
Path Group: core_clock
Path Type: max

  Delay    Time   Description
---------------------------------------------------------
   0.00    0.00   clock core_clock (rise edge)
   0.00    0.00   clock network delay (ideal)
   0.00    0.00 ^ dpath.b_reg.out[6]$_DFFE_PP_/CLK (sky130_fd_sc_hd__edfxtp_1)
   0.39    0.39 v dpath.b_reg.out[6]$_DFFE_PP_/Q (sky130_fd_sc_hd__edfxtp_1)
   0.23    0.62 ^ _199_/Y (sky130_fd_sc_hd__xnor2_1)
   0.12    0.74 v _202_/Y (sky130_fd_sc_hd__nand3_1)
   0.63    1.37 ^ _206_/Y (sky130_fd_sc_hd__o311ai_0)
   0.09    1.46 v _207_/Y (sky130_fd_sc_hd__a21oi_4)
   0.33    1.78 ^ _254_/Y (sky130_fd_sc_hd__a2111oi_4)
   0.08    1.86 v _260_/Y (sky130_fd_sc_hd__a2111oi_4)
   0.38    2.24 ^ _271_/Y (sky130_fd_sc_hd__a2111oi_4)
   0.23    2.47 v _274_/Y (sky130_fd_sc_hd__o31ai_4)
   0.34    2.81 v _282_/X (sky130_fd_sc_hd__or3_1)
   0.22    3.03 ^ _284_/Y (sky130_fd_sc_hd__a31oi_1)
   0.00    3.03 ^ dpath.a_reg.out[0]$_DFFE_PP_/D (sky130_fd_sc_hd__edfxtp_1)
           3.03   data arrival time

   1.10    1.10   clock core_clock (rise edge)
   0.00    1.10   clock network delay (ideal)
   0.00    1.10   clock reconvergence pessimism
           1.10 ^ dpath.a_reg.out[0]$_DFFE_PP_/CLK (sky130_fd_sc_hd__edfxtp_1)
  -0.18    0.92   library setup time
           0.92   data required time
---------------------------------------------------------
           0.92   data required time
          -3.03   data arrival time
---------------------------------------------------------
          -2.11   slack (VIOLATED)



==========================================================================
resizer report_checks -path_delay min reg to reg
--------------------------------------------------------------------------
Startpoint: ctrl.state.out[1]$_DFF_P_
            (rising edge-triggered flip-flop clocked by core_clock)
Endpoint: ctrl.state.out[1]$_DFF_P_
          (rising edge-triggered flip-flop clocked by core_clock)
Path Group: core_clock
Path Type: min

  Delay    Time   Description
---------------------------------------------------------
   0.00    0.00   clock core_clock (rise edge)
   0.00    0.00   clock network delay (ideal)
   0.00    0.00 ^ ctrl.state.out[1]$_DFF_P_/CLK (sky130_fd_sc_hd__dfxtp_1)
   0.28    0.28 v ctrl.state.out[1]$_DFF_P_/Q (sky130_fd_sc_hd__dfxtp_1)
   0.06    0.34 ^ _170_/Y (sky130_fd_sc_hd__o21ai_0)
   0.06    0.40 v _172_/Y (sky130_fd_sc_hd__a21oi_1)
   0.00    0.40 v ctrl.state.out[1]$_DFF_P_/D (sky130_fd_sc_hd__dfxtp_1)
           0.40   data arrival time

   0.00    0.00   clock core_clock (rise edge)
   0.00    0.00   clock network delay (ideal)
   0.00    0.00   clock reconvergence pessimism
           0.00 ^ ctrl.state.out[1]$_DFF_P_/CLK (sky130_fd_sc_hd__dfxtp_1)
  -0.05   -0.05   library hold time
          -0.05   data required time
---------------------------------------------------------
          -0.05   data required time
          -0.40   data arrival time
---------------------------------------------------------
           0.45   slack (MET)



==========================================================================
resizer critical path target clock latency max path
--------------------------------------------------------------------------
0.0000

==========================================================================
resizer critical path target clock latency min path
--------------------------------------------------------------------------
0.0000

==========================================================================
resizer critical path source clock latency min path
--------------------------------------------------------------------------
0.0000

==========================================================================
resizer critical path delay
--------------------------------------------------------------------------
3.0809

==========================================================================
resizer critical path slack
--------------------------------------------------------------------------
-2.2009

==========================================================================
resizer slack div critical path delay
--------------------------------------------------------------------------
-71.436918

==========================================================================
resizer report_power
--------------------------------------------------------------------------
Group                  Internal  Switching    Leakage      Total
                          Power      Power      Power      Power (Watts)
----------------------------------------------------------------
Sequential             1.68e-03   1.06e-04   3.52e-10   1.79e-03  38.7%
Combinational          1.75e-03   1.08e-03   1.11e-09   2.83e-03  61.3%
Clock                  0.00e+00   0.00e+00   0.00e+00   0.00e+00   0.0%
Macro                  0.00e+00   0.00e+00   0.00e+00   0.00e+00   0.0%
Pad                    0.00e+00   0.00e+00   0.00e+00   0.00e+00   0.0%
----------------------------------------------------------------
Total                  3.43e-03   1.18e-03   1.47e-09   4.61e-03 100.0%
                          74.4%      25.6%       0.0%
