
==========================================================================
cts final report_tns
--------------------------------------------------------------------------
tns max -97.07

==========================================================================
cts final report_wns
--------------------------------------------------------------------------
wns max -2.29

==========================================================================
cts final report_worst_slack
--------------------------------------------------------------------------
worst slack max -2.29

==========================================================================
cts final report_clock_min_period
--------------------------------------------------------------------------
core_clock period_min = 3.39 fmax = 295.32

==========================================================================
cts final report_clock_skew
--------------------------------------------------------------------------
Clock core_clock
   0.29 source latency ctrl.state.out[2]$_DFF_P_/CLK ^
  -0.29 target latency dpath.a_reg.out[10]$_DFFE_PP_/CLK ^
   0.00 CRPR
--------------
  -0.01 setup skew


==========================================================================
cts final report_checks -path_delay min
--------------------------------------------------------------------------
Startpoint: ctrl.state.out[1]$_DFF_P_
            (rising edge-triggered flip-flop clocked by core_clock)
Endpoint: ctrl.state.out[1]$_DFF_P_
          (rising edge-triggered flip-flop clocked by core_clock)
Path Group: core_clock
Path Type: min

Fanout     Cap    Slew   Delay    Time   Description
-----------------------------------------------------------------------------
                          0.00    0.00   clock core_clock (rise edge)
                          0.00    0.00   clock source latency
     1    0.02    0.00    0.00    0.00 ^ clk (in)
                                         clk (net)
                  0.00    0.00    0.00 ^ clkbuf_0_clk/A (sky130_fd_sc_hd__clkbuf_8)
     4    0.03    0.07    0.13    0.13 ^ clkbuf_0_clk/X (sky130_fd_sc_hd__clkbuf_8)
                                         clknet_0_clk (net)
                  0.07    0.00    0.13 ^ clkbuf_2_0__f_clk/A (sky130_fd_sc_hd__clkbuf_8)
    10    0.03    0.07    0.15    0.29 ^ clkbuf_2_0__f_clk/X (sky130_fd_sc_hd__clkbuf_8)
                                         clknet_2_0__leaf_clk (net)
                  0.07    0.00    0.29 ^ ctrl.state.out[1]$_DFF_P_/CLK (sky130_fd_sc_hd__dfxtp_1)
     2    0.01    0.04    0.31    0.59 v ctrl.state.out[1]$_DFF_P_/Q (sky130_fd_sc_hd__dfxtp_1)
                                         ctrl.state.out[1] (net)
                  0.04    0.00    0.59 v _170_/B1 (sky130_fd_sc_hd__o21ai_0)
     1    0.00    0.07    0.06    0.66 ^ _170_/Y (sky130_fd_sc_hd__o21ai_0)
                                         _013_ (net)
                  0.07    0.00    0.66 ^ _172_/A1 (sky130_fd_sc_hd__a21oi_1)
     1    0.00    0.02    0.06    0.72 v _172_/Y (sky130_fd_sc_hd__a21oi_1)
                                         _001_ (net)
                  0.02    0.00    0.72 v ctrl.state.out[1]$_DFF_P_/D (sky130_fd_sc_hd__dfxtp_1)
                                  0.72   data arrival time

                          0.00    0.00   clock core_clock (rise edge)
                          0.00    0.00   clock source latency
     1    0.02    0.00    0.00    0.00 ^ clk (in)
                                         clk (net)
                  0.00    0.00    0.00 ^ clkbuf_0_clk/A (sky130_fd_sc_hd__clkbuf_8)
     4    0.03    0.07    0.13    0.13 ^ clkbuf_0_clk/X (sky130_fd_sc_hd__clkbuf_8)
                                         clknet_0_clk (net)
                  0.07    0.00    0.13 ^ clkbuf_2_0__f_clk/A (sky130_fd_sc_hd__clkbuf_8)
    10    0.03    0.07    0.15    0.29 ^ clkbuf_2_0__f_clk/X (sky130_fd_sc_hd__clkbuf_8)
                                         clknet_2_0__leaf_clk (net)
                  0.07    0.00    0.29 ^ ctrl.state.out[1]$_DFF_P_/CLK (sky130_fd_sc_hd__dfxtp_1)
                          0.00    0.29   clock reconvergence pessimism
                         -0.04    0.25   library hold time
                                  0.25   data required time
-----------------------------------------------------------------------------
                                  0.25   data required time
                                 -0.72   data arrival time
-----------------------------------------------------------------------------
                                  0.47   slack (MET)



==========================================================================
cts final report_checks -path_delay max
--------------------------------------------------------------------------
Startpoint: dpath.b_reg.out[0]$_DFFE_PP_
            (rising edge-triggered flip-flop clocked by core_clock)
Endpoint: dpath.a_reg.out[0]$_DFFE_PP_
          (rising edge-triggered flip-flop clocked by core_clock)
Path Group: core_clock
Path Type: max

Fanout     Cap    Slew   Delay    Time   Description
-----------------------------------------------------------------------------
                          0.00    0.00   clock core_clock (rise edge)
                          0.00    0.00   clock source latency
     1    0.02    0.00    0.00    0.00 ^ clk (in)
                                         clk (net)
                  0.00    0.00    0.00 ^ clkbuf_0_clk/A (sky130_fd_sc_hd__clkbuf_8)
     4    0.03    0.07    0.13    0.13 ^ clkbuf_0_clk/X (sky130_fd_sc_hd__clkbuf_8)
                                         clknet_0_clk (net)
                  0.07    0.00    0.13 ^ clkbuf_2_2__f_clk/A (sky130_fd_sc_hd__clkbuf_8)
    10    0.03    0.07    0.16    0.29 ^ clkbuf_2_2__f_clk/X (sky130_fd_sc_hd__clkbuf_8)
                                         clknet_2_2__leaf_clk (net)
                  0.07    0.00    0.29 ^ dpath.b_reg.out[0]$_DFFE_PP_/CLK (sky130_fd_sc_hd__edfxtp_1)
     2    0.01    0.10    0.40    0.69 v dpath.b_reg.out[0]$_DFFE_PP_/Q (sky130_fd_sc_hd__edfxtp_1)
                                         dpath.a_lt_b$in1[0] (net)
                  0.10    0.00    0.69 v _174_/B_N (sky130_fd_sc_hd__nor2b_4)
     2    0.01    0.04    0.15    0.84 v _174_/Y (sky130_fd_sc_hd__nor2b_4)
                                         _015_ (net)
                  0.04    0.00    0.84 v _178_/A (sky130_fd_sc_hd__maj3_2)
     2    0.01    0.07    0.32    1.16 v _178_/X (sky130_fd_sc_hd__maj3_2)
                                         _018_ (net)
                  0.07    0.00    1.16 v _185_/A (sky130_fd_sc_hd__maj3_4)
     2    0.01    0.07    0.37    1.52 v _185_/X (sky130_fd_sc_hd__maj3_4)
                                         _024_ (net)
                  0.07    0.00    1.53 v _187_/A2 (sky130_fd_sc_hd__a21oi_4)
     2    0.02    0.16    0.20    1.72 ^ _187_/Y (sky130_fd_sc_hd__a21oi_4)
                                         _025_ (net)
                  0.16    0.00    1.72 ^ _207_/A1 (sky130_fd_sc_hd__a21oi_4)
     2    0.02    0.14    0.09    1.81 v _207_/Y (sky130_fd_sc_hd__a21oi_4)
                                         _042_ (net)
                  0.14    0.00    1.81 v _254_/C1 (sky130_fd_sc_hd__a2111oi_4)
     2    0.02    0.38    0.41    2.22 ^ _254_/Y (sky130_fd_sc_hd__a2111oi_4)
                                         _082_ (net)
                  0.38    0.00    2.22 ^ _260_/B1 (sky130_fd_sc_hd__a2111oi_4)
     2    0.01    0.11    0.12    2.34 v _260_/Y (sky130_fd_sc_hd__a2111oi_4)
                                         _088_ (net)
                  0.11    0.00    2.34 v _271_/B1 (sky130_fd_sc_hd__a2111oi_4)
     2    0.01    0.26    0.34    2.69 ^ _271_/Y (sky130_fd_sc_hd__a2111oi_4)
                                         _098_ (net)
                  0.26    0.00    2.69 ^ rebuffer206/A (sky130_fd_sc_hd__buf_4)
     3    0.02    0.06    0.19    2.88 ^ rebuffer206/X (sky130_fd_sc_hd__buf_4)
                                         net206 (net)
                  0.06    0.00    2.88 ^ _274_/A3 (sky130_fd_sc_hd__o31ai_4)
     6    0.04    0.14    0.10    2.98 v _274_/Y (sky130_fd_sc_hd__o31ai_4)
                                         _100_ (net)
                  0.14    0.00    2.98 v _282_/C (sky130_fd_sc_hd__or3_1)
     1    0.00    0.06    0.33    3.31 v _282_/X (sky130_fd_sc_hd__or3_1)
                                         _107_ (net)
                  0.06    0.00    3.31 v _284_/A1 (sky130_fd_sc_hd__a31oi_1)
     1    0.01    0.20    0.19    3.50 ^ _284_/Y (sky130_fd_sc_hd__a31oi_1)
                                         dpath.a_mux$out[0] (net)
                  0.20    0.00    3.50 ^ dpath.a_reg.out[0]$_DFFE_PP_/D (sky130_fd_sc_hd__edfxtp_1)
                                  3.50   data arrival time

                          1.10    1.10   clock core_clock (rise edge)
                          0.00    1.10   clock source latency
     1    0.02    0.00    0.00    1.10 ^ clk (in)
                                         clk (net)
                  0.00    0.00    1.10 ^ clkbuf_0_clk/A (sky130_fd_sc_hd__clkbuf_8)
     4    0.03    0.07    0.13    1.23 ^ clkbuf_0_clk/X (sky130_fd_sc_hd__clkbuf_8)
                                         clknet_0_clk (net)
                  0.07    0.00    1.23 ^ clkbuf_2_0__f_clk/A (sky130_fd_sc_hd__clkbuf_8)
    10    0.03    0.07    0.15    1.39 ^ clkbuf_2_0__f_clk/X (sky130_fd_sc_hd__clkbuf_8)
                                         clknet_2_0__leaf_clk (net)
                  0.07    0.00    1.39 ^ dpath.a_reg.out[0]$_DFFE_PP_/CLK (sky130_fd_sc_hd__edfxtp_1)
                          0.00    1.39   clock reconvergence pessimism
                         -0.17    1.21   library setup time
                                  1.21   data required time
-----------------------------------------------------------------------------
                                  1.21   data required time
                                 -3.50   data arrival time
-----------------------------------------------------------------------------
                                 -2.29   slack (VIOLATED)



==========================================================================
cts final report_checks -unconstrained
--------------------------------------------------------------------------
Startpoint: dpath.b_reg.out[0]$_DFFE_PP_
            (rising edge-triggered flip-flop clocked by core_clock)
Endpoint: dpath.a_reg.out[0]$_DFFE_PP_
          (rising edge-triggered flip-flop clocked by core_clock)
Path Group: core_clock
Path Type: max

Fanout     Cap    Slew   Delay    Time   Description
-----------------------------------------------------------------------------
                          0.00    0.00   clock core_clock (rise edge)
                          0.00    0.00   clock source latency
     1    0.02    0.00    0.00    0.00 ^ clk (in)
                                         clk (net)
                  0.00    0.00    0.00 ^ clkbuf_0_clk/A (sky130_fd_sc_hd__clkbuf_8)
     4    0.03    0.07    0.13    0.13 ^ clkbuf_0_clk/X (sky130_fd_sc_hd__clkbuf_8)
                                         clknet_0_clk (net)
                  0.07    0.00    0.13 ^ clkbuf_2_2__f_clk/A (sky130_fd_sc_hd__clkbuf_8)
    10    0.03    0.07    0.16    0.29 ^ clkbuf_2_2__f_clk/X (sky130_fd_sc_hd__clkbuf_8)
                                         clknet_2_2__leaf_clk (net)
                  0.07    0.00    0.29 ^ dpath.b_reg.out[0]$_DFFE_PP_/CLK (sky130_fd_sc_hd__edfxtp_1)
     2    0.01    0.10    0.40    0.69 v dpath.b_reg.out[0]$_DFFE_PP_/Q (sky130_fd_sc_hd__edfxtp_1)
                                         dpath.a_lt_b$in1[0] (net)
                  0.10    0.00    0.69 v _174_/B_N (sky130_fd_sc_hd__nor2b_4)
     2    0.01    0.04    0.15    0.84 v _174_/Y (sky130_fd_sc_hd__nor2b_4)
                                         _015_ (net)
                  0.04    0.00    0.84 v _178_/A (sky130_fd_sc_hd__maj3_2)
     2    0.01    0.07    0.32    1.16 v _178_/X (sky130_fd_sc_hd__maj3_2)
                                         _018_ (net)
                  0.07    0.00    1.16 v _185_/A (sky130_fd_sc_hd__maj3_4)
     2    0.01    0.07    0.37    1.52 v _185_/X (sky130_fd_sc_hd__maj3_4)
                                         _024_ (net)
                  0.07    0.00    1.53 v _187_/A2 (sky130_fd_sc_hd__a21oi_4)
     2    0.02    0.16    0.20    1.72 ^ _187_/Y (sky130_fd_sc_hd__a21oi_4)
                                         _025_ (net)
                  0.16    0.00    1.72 ^ _207_/A1 (sky130_fd_sc_hd__a21oi_4)
     2    0.02    0.14    0.09    1.81 v _207_/Y (sky130_fd_sc_hd__a21oi_4)
                                         _042_ (net)
                  0.14    0.00    1.81 v _254_/C1 (sky130_fd_sc_hd__a2111oi_4)
     2    0.02    0.38    0.41    2.22 ^ _254_/Y (sky130_fd_sc_hd__a2111oi_4)
                                         _082_ (net)
                  0.38    0.00    2.22 ^ _260_/B1 (sky130_fd_sc_hd__a2111oi_4)
     2    0.01    0.11    0.12    2.34 v _260_/Y (sky130_fd_sc_hd__a2111oi_4)
                                         _088_ (net)
                  0.11    0.00    2.34 v _271_/B1 (sky130_fd_sc_hd__a2111oi_4)
     2    0.01    0.26    0.34    2.69 ^ _271_/Y (sky130_fd_sc_hd__a2111oi_4)
                                         _098_ (net)
                  0.26    0.00    2.69 ^ rebuffer206/A (sky130_fd_sc_hd__buf_4)
     3    0.02    0.06    0.19    2.88 ^ rebuffer206/X (sky130_fd_sc_hd__buf_4)
                                         net206 (net)
                  0.06    0.00    2.88 ^ _274_/A3 (sky130_fd_sc_hd__o31ai_4)
     6    0.04    0.14    0.10    2.98 v _274_/Y (sky130_fd_sc_hd__o31ai_4)
                                         _100_ (net)
                  0.14    0.00    2.98 v _282_/C (sky130_fd_sc_hd__or3_1)
     1    0.00    0.06    0.33    3.31 v _282_/X (sky130_fd_sc_hd__or3_1)
                                         _107_ (net)
                  0.06    0.00    3.31 v _284_/A1 (sky130_fd_sc_hd__a31oi_1)
     1    0.01    0.20    0.19    3.50 ^ _284_/Y (sky130_fd_sc_hd__a31oi_1)
                                         dpath.a_mux$out[0] (net)
                  0.20    0.00    3.50 ^ dpath.a_reg.out[0]$_DFFE_PP_/D (sky130_fd_sc_hd__edfxtp_1)
                                  3.50   data arrival time

                          1.10    1.10   clock core_clock (rise edge)
                          0.00    1.10   clock source latency
     1    0.02    0.00    0.00    1.10 ^ clk (in)
                                         clk (net)
                  0.00    0.00    1.10 ^ clkbuf_0_clk/A (sky130_fd_sc_hd__clkbuf_8)
     4    0.03    0.07    0.13    1.23 ^ clkbuf_0_clk/X (sky130_fd_sc_hd__clkbuf_8)
                                         clknet_0_clk (net)
                  0.07    0.00    1.23 ^ clkbuf_2_0__f_clk/A (sky130_fd_sc_hd__clkbuf_8)
    10    0.03    0.07    0.15    1.39 ^ clkbuf_2_0__f_clk/X (sky130_fd_sc_hd__clkbuf_8)
                                         clknet_2_0__leaf_clk (net)
                  0.07    0.00    1.39 ^ dpath.a_reg.out[0]$_DFFE_PP_/CLK (sky130_fd_sc_hd__edfxtp_1)
                          0.00    1.39   clock reconvergence pessimism
                         -0.17    1.21   library setup time
                                  1.21   data required time
-----------------------------------------------------------------------------
                                  1.21   data required time
                                 -3.50   data arrival time
-----------------------------------------------------------------------------
                                 -2.29   slack (VIOLATED)



==========================================================================
cts final report_check_types -max_slew -max_cap -max_fanout -violators
--------------------------------------------------------------------------

==========================================================================
cts final max_slew_check_slack
--------------------------------------------------------------------------
0.7440498471260071

==========================================================================
cts final max_slew_check_limit
--------------------------------------------------------------------------
1.4811999797821045

==========================================================================
cts final max_slew_check_slack_limit
--------------------------------------------------------------------------
0.5023

==========================================================================
cts final max_fanout_check_slack
--------------------------------------------------------------------------
1.0000000150474662e+30

==========================================================================
cts final max_fanout_check_limit
--------------------------------------------------------------------------
1.0000000150474662e+30

==========================================================================
cts final max_capacitance_check_slack
--------------------------------------------------------------------------
0.015928177163004875

==========================================================================
cts final max_capacitance_check_limit
--------------------------------------------------------------------------
0.02930700220167637

==========================================================================
cts final max_capacitance_check_slack_limit
--------------------------------------------------------------------------
0.5435

==========================================================================
cts final max_slew_violation_count
--------------------------------------------------------------------------
max slew violation count 0

==========================================================================
cts final max_fanout_violation_count
--------------------------------------------------------------------------
max fanout violation count 0

==========================================================================
cts final max_cap_violation_count
--------------------------------------------------------------------------
max cap violation count 0

==========================================================================
cts final setup_violation_count
--------------------------------------------------------------------------
setup violation count 59

==========================================================================
cts final hold_violation_count
--------------------------------------------------------------------------
hold violation count 0

==========================================================================
cts final report_checks -path_delay max reg to reg
--------------------------------------------------------------------------
Startpoint: dpath.b_reg.out[0]$_DFFE_PP_
            (rising edge-triggered flip-flop clocked by core_clock)
Endpoint: dpath.a_reg.out[0]$_DFFE_PP_
          (rising edge-triggered flip-flop clocked by core_clock)
Path Group: core_clock
Path Type: max

  Delay    Time   Description
---------------------------------------------------------
   0.00    0.00   clock core_clock (rise edge)
   0.00    0.00   clock source latency
   0.00    0.00 ^ clk (in)
   0.13    0.13 ^ clkbuf_0_clk/X (sky130_fd_sc_hd__clkbuf_8)
   0.16    0.29 ^ clkbuf_2_2__f_clk/X (sky130_fd_sc_hd__clkbuf_8)
   0.00    0.29 ^ dpath.b_reg.out[0]$_DFFE_PP_/CLK (sky130_fd_sc_hd__edfxtp_1)
   0.40    0.69 v dpath.b_reg.out[0]$_DFFE_PP_/Q (sky130_fd_sc_hd__edfxtp_1)
   0.15    0.84 v _174_/Y (sky130_fd_sc_hd__nor2b_4)
   0.32    1.16 v _178_/X (sky130_fd_sc_hd__maj3_2)
   0.37    1.52 v _185_/X (sky130_fd_sc_hd__maj3_4)
   0.20    1.72 ^ _187_/Y (sky130_fd_sc_hd__a21oi_4)
   0.09    1.81 v _207_/Y (sky130_fd_sc_hd__a21oi_4)
   0.41    2.22 ^ _254_/Y (sky130_fd_sc_hd__a2111oi_4)
   0.12    2.34 v _260_/Y (sky130_fd_sc_hd__a2111oi_4)
   0.34    2.69 ^ _271_/Y (sky130_fd_sc_hd__a2111oi_4)
   0.19    2.88 ^ rebuffer206/X (sky130_fd_sc_hd__buf_4)
   0.10    2.98 v _274_/Y (sky130_fd_sc_hd__o31ai_4)
   0.33    3.31 v _282_/X (sky130_fd_sc_hd__or3_1)
   0.19    3.50 ^ _284_/Y (sky130_fd_sc_hd__a31oi_1)
   0.00    3.50 ^ dpath.a_reg.out[0]$_DFFE_PP_/D (sky130_fd_sc_hd__edfxtp_1)
           3.50   data arrival time

   1.10    1.10   clock core_clock (rise edge)
   0.00    1.10   clock source latency
   0.00    1.10 ^ clk (in)
   0.13    1.23 ^ clkbuf_0_clk/X (sky130_fd_sc_hd__clkbuf_8)
   0.15    1.39 ^ clkbuf_2_0__f_clk/X (sky130_fd_sc_hd__clkbuf_8)
   0.00    1.39 ^ dpath.a_reg.out[0]$_DFFE_PP_/CLK (sky130_fd_sc_hd__edfxtp_1)
   0.00    1.39   clock reconvergence pessimism
  -0.17    1.21   library setup time
           1.21   data required time
---------------------------------------------------------
           1.21   data required time
          -3.50   data arrival time
---------------------------------------------------------
          -2.29   slack (VIOLATED)



==========================================================================
cts final report_checks -path_delay min reg to reg
--------------------------------------------------------------------------
Startpoint: ctrl.state.out[1]$_DFF_P_
            (rising edge-triggered flip-flop clocked by core_clock)
Endpoint: ctrl.state.out[1]$_DFF_P_
          (rising edge-triggered flip-flop clocked by core_clock)
Path Group: core_clock
Path Type: min

  Delay    Time   Description
---------------------------------------------------------
   0.00    0.00   clock core_clock (rise edge)
   0.00    0.00   clock source latency
   0.00    0.00 ^ clk (in)
   0.13    0.13 ^ clkbuf_0_clk/X (sky130_fd_sc_hd__clkbuf_8)
   0.15    0.29 ^ clkbuf_2_0__f_clk/X (sky130_fd_sc_hd__clkbuf_8)
   0.00    0.29 ^ ctrl.state.out[1]$_DFF_P_/CLK (sky130_fd_sc_hd__dfxtp_1)
   0.31    0.59 v ctrl.state.out[1]$_DFF_P_/Q (sky130_fd_sc_hd__dfxtp_1)
   0.06    0.66 ^ _170_/Y (sky130_fd_sc_hd__o21ai_0)
   0.06    0.72 v _172_/Y (sky130_fd_sc_hd__a21oi_1)
   0.00    0.72 v ctrl.state.out[1]$_DFF_P_/D (sky130_fd_sc_hd__dfxtp_1)
           0.72   data arrival time

   0.00    0.00   clock core_clock (rise edge)
   0.00    0.00   clock source latency
   0.00    0.00 ^ clk (in)
   0.13    0.13 ^ clkbuf_0_clk/X (sky130_fd_sc_hd__clkbuf_8)
   0.15    0.29 ^ clkbuf_2_0__f_clk/X (sky130_fd_sc_hd__clkbuf_8)
   0.00    0.29 ^ ctrl.state.out[1]$_DFF_P_/CLK (sky130_fd_sc_hd__dfxtp_1)
   0.00    0.29   clock reconvergence pessimism
  -0.04    0.25   library hold time
           0.25   data required time
---------------------------------------------------------
           0.25   data required time
          -0.72   data arrival time
---------------------------------------------------------
           0.47   slack (MET)



==========================================================================
cts final critical path target clock latency max path
--------------------------------------------------------------------------
0.2856

==========================================================================
cts final critical path target clock latency min path
--------------------------------------------------------------------------
0.2856

==========================================================================
cts final critical path source clock latency min path
--------------------------------------------------------------------------
0.0000

==========================================================================
cts final critical path delay
--------------------------------------------------------------------------
3.5008

==========================================================================
cts final critical path slack
--------------------------------------------------------------------------
-2.2862

==========================================================================
cts final slack div critical path delay
--------------------------------------------------------------------------
-65.305073

==========================================================================
cts final report_power
--------------------------------------------------------------------------
Group                  Internal  Switching    Leakage      Total
                          Power      Power      Power      Power (Watts)
----------------------------------------------------------------
Sequential             1.65e-03   1.11e-04   3.52e-10   1.76e-03  28.7%
Combinational          1.99e-03   1.31e-03   1.35e-09   3.30e-03  53.9%
Clock                  5.72e-04   4.95e-04   5.15e-11   1.07e-03  17.4%
Macro                  0.00e+00   0.00e+00   0.00e+00   0.00e+00   0.0%
Pad                    0.00e+00   0.00e+00   0.00e+00   0.00e+00   0.0%
----------------------------------------------------------------
Total                  4.21e-03   1.92e-03   1.76e-09   6.13e-03 100.0%
                          68.7%      31.3%       0.0%
